{"/Users/sauravsingh/readyon-timeoff/src/app.module.ts": {"path":"/Users/sauravsingh/readyon-timeoff/src/app.module.ts","statementMap":{"0":{"start":{"line":1,"column":0},"end":{"line":1,"column":40}},"1":{"start":{"line":2,"column":0},"end":{"line":2,"column":61}},"2":{"start":{"line":3,"column":0},"end":{"line":3,"column":48}},"3":{"start":{"line":4,"column":0},"end":{"line":4,"column":57}},"4":{"start":{"line":5,"column":0},"end":{"line":5,"column":82}},"5":{"start":{"line":6,"column":0},"end":{"line":6,"column":48}},"6":{"start":{"line":7,"column":0},"end":{"line":7,"column":45}},"7":{"start":{"line":8,"column":0},"end":{"line":8,"column":60}},"8":{"start":{"line":9,"column":0},"end":{"line":9,"column":85}},"9":{"start":{"line":10,"column":0},"end":{"line":10,"column":58}},"10":{"start":{"line":35,"column":7},"end":{"line":35,"column":null}},"11":{"start":{"line":35,"column":13},"end":{"line":35,"column":22}},"12":{"start":{"line":35,"column":13},"end":{"line":35,"column":null}},"13":{"start":{"line":21,"column":53},"end":{"line":27,"column":8}}},"fnMap":{"0":{"name":"(anonymous_1)","decl":{"start":{"line":21,"column":18},"end":{"line":21,"column":19}},"loc":{"start":{"line":21,"column":53},"end":{"line":27,"column":8}}}},"branchMap":{},"s":{"0":1,"1":1,"2":1,"3":1,"4":1,"5":1,"6":1,"7":1,"8":1,"9":1,"10":1,"11":1,"12":1,"13":1},"f":{"0":1},"b":{}}
,"/Users/sauravsingh/readyon-timeoff/src/balance/balance.controller.ts": {"path":"/Users/sauravsingh/readyon-timeoff/src/balance/balance.controller.ts","statementMap":{"0":{"start":{"line":1,"column":0},"end":{"line":1,"column":null}},"1":{"start":{"line":11,"column":0},"end":{"line":11,"column":51}},"2":{"start":{"line":12,"column":0},"end":{"line":12,"column":56}},"3":{"start":{"line":13,"column":0},"end":{"line":13,"column":52}},"4":{"start":{"line":16,"column":7},"end":{"line":73,"column":null}},"5":{"start":{"line":17,"column":31},"end":{"line":17,"column":47}},"6":{"start":{"line":25,"column":26},"end":{"line":25,"column":44}},"7":{"start":{"line":26,"column":20},"end":{"line":29,"column":null}},"8":{"start":{"line":32,"column":4},"end":{"line":41,"column":6}},"9":{"start":{"line":47,"column":20},"end":{"line":49,"column":null}},"10":{"start":{"line":52,"column":4},"end":{"line":61,"column":6}},"11":{"start":{"line":67,"column":4},"end":{"line":71,"column":6}},"12":{"start":{"line":16,"column":13},"end":{"line":16,"column":30}},"13":{"start":{"line":20,"column":8},"end":{"line":42,"column":null}},"14":{"start":{"line":46,"column":8},"end":{"line":62,"column":null}},"15":{"start":{"line":66,"column":8},"end":{"line":72,"column":null}},"16":{"start":{"line":16,"column":13},"end":{"line":73,"column":null}}},"fnMap":{"0":{"name":"(anonymous_4)","decl":{"start":{"line":17,"column":2},"end":{"line":17,"column":31}},"loc":{"start":{"line":17,"column":61},"end":{"line":17,"column":65}}},"1":{"name":"(anonymous_5)","decl":{"start":{"line":20,"column":8},"end":{"line":20,"column":18}},"loc":{"start":{"line":23,"column":38},"end":{"line":42,"column":3}}},"2":{"name":"(anonymous_6)","decl":{"start":{"line":46,"column":8},"end":{"line":46,"column":19}},"loc":{"start":{"line":46,"column":47},"end":{"line":62,"column":3}}},"3":{"name":"(anonymous_7)","decl":{"start":{"line":66,"column":8},"end":{"line":66,"column":20}},"loc":{"start":{"line":66,"column":46},"end":{"line":72,"column":3}}}},"branchMap":{},"s":{"0":1,"1":1,"2":1,"3":1,"4":1,"5":1,"6":4,"7":4,"8":3,"9":10,"10":10,"11":1,"12":1,"13":1,"14":1,"15":1,"16":1},"f":{"0":1,"1":4,"2":10,"3":1},"b":{}}
,"/Users/sauravsingh/readyon-timeoff/src/balance/balance.module.ts": {"path":"/Users/sauravsingh/readyon-timeoff/src/balance/balance.module.ts","statementMap":{"0":{"start":{"line":1,"column":0},"end":{"line":1,"column":40}},"1":{"start":{"line":2,"column":0},"end":{"line":2,"column":48}},"2":{"start":{"line":3,"column":0},"end":{"line":3,"column":57}},"3":{"start":{"line":4,"column":0},"end":{"line":4,"column":51}},"4":{"start":{"line":5,"column":0},"end":{"line":5,"column":52}},"5":{"start":{"line":6,"column":0},"end":{"line":6,"column":59}},"6":{"start":{"line":7,"column":0},"end":{"line":7,"column":46}},"7":{"start":{"line":18,"column":7},"end":{"line":18,"column":null}},"8":{"start":{"line":18,"column":13},"end":{"line":18,"column":26}},"9":{"start":{"line":18,"column":13},"end":{"line":18,"column":null}}},"fnMap":{},"branchMap":{},"s":{"0":1,"1":1,"2":1,"3":1,"4":1,"5":1,"6":1,"7":1,"8":1,"9":1},"f":{},"b":{}}
,"/Users/sauravsingh/readyon-timeoff/src/balance/balance.service.ts": {"path":"/Users/sauravsingh/readyon-timeoff/src/balance/balance.service.ts","statementMap":{"0":{"start":{"line":1,"column":0},"end":{"line":1,"column":null}},"1":{"start":{"line":7,"column":0},"end":{"line":7,"column":69}},"2":{"start":{"line":8,"column":0},"end":{"line":8,"column":49}},"3":{"start":{"line":9,"column":0},"end":{"line":9,"column":52}},"4":{"start":{"line":10,"column":0},"end":{"line":10,"column":69}},"5":{"start":{"line":11,"column":0},"end":{"line":11,"column":48}},"6":{"start":{"line":15,"column":26},"end":{"line":15,"column":43}},"7":{"start":{"line":18,"column":27},"end":{"line":337,"column":null}},"8":{"start":{"line":23,"column":21},"end":{"line":23,"column":34}},"9":{"start":{"line":25,"column":21},"end":{"line":25,"column":34}},"10":{"start":{"line":27,"column":21},"end":{"line":27,"column":33}},"11":{"start":{"line":28,"column":21},"end":{"line":28,"column":33}},"12":{"start":{"line":19,"column":19},"end":{"line":19,"column":60}},"13":{"start":{"line":36,"column":4},"end":{"line":38,"column":5}},"14":{"start":{"line":37,"column":6},"end":{"line":37,"column":54}},"15":{"start":{"line":40,"column":20},"end":{"line":42,"column":6}},"16":{"start":{"line":44,"column":4},"end":{"line":53,"column":5}},"17":{"start":{"line":46,"column":6},"end":{"line":52,"column":7}},"18":{"start":{"line":47,"column":8},"end":{"line":47,"column":62}},"19":{"start":{"line":49,"column":8},"end":{"line":51,"column":10}},"20":{"start":{"line":55,"column":4},"end":{"line":55,"column":19}},"21":{"start":{"line":59,"column":20},"end":{"line":59,"column":76}},"22":{"start":{"line":61,"column":21},"end":{"line":63,"column":6}},"23":{"start":{"line":65,"column":31},"end":{"line":65,"column":76}},"24":{"start":{"line":66,"column":29},"end":{"line":66,"column":76}},"25":{"start":{"line":69,"column":4},"end":{"line":84,"column":5}},"26":{"start":{"line":70,"column":6},"end":{"line":70,"column":44}},"27":{"start":{"line":71,"column":6},"end":{"line":71,"column":41}},"28":{"start":{"line":72,"column":6},"end":{"line":72,"column":54}},"29":{"start":{"line":74,"column":6},"end":{"line":83,"column":8}},"30":{"start":{"line":86,"column":4},"end":{"line":97,"column":6}},"31":{"start":{"line":99,"column":4},"end":{"line":99,"column":19}},"32":{"start":{"line":107,"column":4},"end":{"line":113,"column":5}},"33":{"start":{"line":108,"column":6},"end":{"line":112,"column":8}},"34":{"start":{"line":115,"column":4},"end":{"line":155,"column":5}},"35":{"start":{"line":116,"column":23},"end":{"line":121,"column":8}},"36":{"start":{"line":123,"column":33},"end":{"line":123,"column":78}},"37":{"start":{"line":124,"column":31},"end":{"line":124,"column":75}},"38":{"start":{"line":126,"column":6},"end":{"line":141,"column":7}},"39":{"start":{"line":127,"column":8},"end":{"line":127,"column":45}},"40":{"start":{"line":128,"column":8},"end":{"line":128,"column":54}},"41":{"start":{"line":129,"column":8},"end":{"line":129,"column":46}},"42":{"start":{"line":131,"column":8},"end":{"line":140,"column":10}},"43":{"start":{"line":143,"column":6},"end":{"line":154,"column":8}},"44":{"start":{"line":157,"column":4},"end":{"line":157,"column":35}},"45":{"start":{"line":159,"column":4},"end":{"line":163,"column":6}},"46":{"start":{"line":172,"column":23},"end":{"line":172,"column":24}},"47":{"start":{"line":175,"column":4},"end":{"line":230,"column":5}},"48":{"start":{"line":175,"column":23},"end":{"line":175,"column":24}},"49":{"start":{"line":176,"column":22},"end":{"line":178,"column":8}},"50":{"start":{"line":180,"column":6},"end":{"line":184,"column":7}},"51":{"start":{"line":181,"column":8},"end":{"line":183,"column":10}},"52":{"start":{"line":186,"column":31},"end":{"line":186,"column":59}},"53":{"start":{"line":187,"column":26},"end":{"line":187,"column":49}},"54":{"start":{"line":188,"column":30},"end":{"line":188,"column":45}},"55":{"start":{"line":190,"column":21},"end":{"line":200,"column":null}},"56":{"start":{"line":203,"column":23},"end":{"line":203,"column":115}},"57":{"start":{"line":204,"column":27},"end":{"line":204,"column":70}},"58":{"start":{"line":206,"column":6},"end":{"line":224,"column":7}},"59":{"start":{"line":207,"column":8},"end":{"line":218,"column":10}},"60":{"start":{"line":220,"column":24},"end":{"line":222,"column":10}},"61":{"start":{"line":223,"column":8},"end":{"line":223,"column":23}},"62":{"start":{"line":226,"column":6},"end":{"line":226,"column":89}},"63":{"start":{"line":227,"column":6},"end":{"line":229,"column":8}},"64":{"start":{"line":232,"column":4},"end":{"line":232,"column":85}},"65":{"start":{"line":241,"column":20},"end":{"line":243,"column":6}},"66":{"start":{"line":245,"column":4},"end":{"line":249,"column":5}},"67":{"start":{"line":246,"column":6},"end":{"line":248,"column":8}},"68":{"start":{"line":251,"column":29},"end":{"line":251,"column":57}},"69":{"start":{"line":252,"column":24},"end":{"line":252,"column":60}},"70":{"start":{"line":254,"column":4},"end":{"line":259,"column":6}},"71":{"start":{"line":261,"column":4},"end":{"line":272,"column":6}},"72":{"start":{"line":274,"column":20},"end":{"line":276,"column":6}},"73":{"start":{"line":277,"column":4},"end":{"line":277,"column":19}},"74":{"start":{"line":286,"column":20},"end":{"line":288,"column":6}},"75":{"start":{"line":290,"column":4},"end":{"line":294,"column":5}},"76":{"start":{"line":291,"column":6},"end":{"line":293,"column":8}},"77":{"start":{"line":296,"column":31},"end":{"line":296,"column":57}},"78":{"start":{"line":297,"column":29},"end":{"line":297,"column":57}},"79":{"start":{"line":298,"column":26},"end":{"line":298,"column":51}},"80":{"start":{"line":299,"column":24},"end":{"line":299,"column":60}},"81":{"start":{"line":301,"column":4},"end":{"line":312,"column":6}},"82":{"start":{"line":314,"column":4},"end":{"line":325,"column":6}},"83":{"start":{"line":327,"column":20},"end":{"line":329,"column":6}},"84":{"start":{"line":330,"column":4},"end":{"line":330,"column":19}},"85":{"start":{"line":335,"column":4},"end":{"line":335,"column":30}},"86":{"start":{"line":18,"column":13},"end":{"line":18,"column":27}},"87":{"start":{"line":18,"column":13},"end":{"line":337,"column":null}}},"fnMap":{"0":{"name":"(anonymous_4)","decl":{"start":{"line":21,"column":2},"end":{"line":21,"column":null}},"loc":{"start":{"line":28,"column":43},"end":{"line":29,"column":6}}},"1":{"name":"(anonymous_5)","decl":{"start":{"line":31,"column":2},"end":{"line":31,"column":7}},"loc":{"start":{"line":34,"column":19},"end":{"line":56,"column":3}}},"2":{"name":"(anonymous_6)","decl":{"start":{"line":58,"column":2},"end":{"line":58,"column":7}},"loc":{"start":{"line":58,"column":58},"end":{"line":100,"column":3}}},"3":{"name":"(anonymous_7)","decl":{"start":{"line":102,"column":2},"end":{"line":102,"column":7}},"loc":{"start":{"line":105,"column":32},"end":{"line":164,"column":3}}},"4":{"name":"(anonymous_8)","decl":{"start":{"line":166,"column":2},"end":{"line":166,"column":7}},"loc":{"start":{"line":170,"column":24},"end":{"line":233,"column":3}}},"5":{"name":"(anonymous_9)","decl":{"start":{"line":235,"column":2},"end":{"line":235,"column":7}},"loc":{"start":{"line":239,"column":24},"end":{"line":278,"column":3}}},"6":{"name":"(anonymous_10)","decl":{"start":{"line":280,"column":2},"end":{"line":280,"column":7}},"loc":{"start":{"line":284,"column":24},"end":{"line":331,"column":3}}},"7":{"name":"(anonymous_11)","decl":{"start":{"line":334,"column":2},"end":{"line":334,"column":24}},"loc":{"start":{"line":334,"column":24},"end":{"line":336,"column":3}}}},"branchMap":{"0":{"loc":{"start":{"line":34,"column":4},"end":{"line":34,"column":19}},"type":"default-arg","locations":[{"start":{"line":34,"column":14},"end":{"line":34,"column":19}}]},"1":{"loc":{"start":{"line":36,"column":4},"end":{"line":38,"column":5}},"type":"if","locations":[{"start":{"line":36,"column":4},"end":{"line":38,"column":5}},{"start":{},"end":{}}]},"2":{"loc":{"start":{"line":44,"column":4},"end":{"line":53,"column":5}},"type":"if","locations":[{"start":{"line":44,"column":4},"end":{"line":53,"column":5}},{"start":{},"end":{}}]},"3":{"loc":{"start":{"line":65,"column":31},"end":{"line":65,"column":76}},"type":"cond-expr","locations":[{"start":{"line":65,"column":42},"end":{"line":65,"column":69}},{"start":{"line":65,"column":72},"end":{"line":65,"column":76}}]},"4":{"loc":{"start":{"line":66,"column":29},"end":{"line":66,"column":76}},"type":"cond-expr","locations":[{"start":{"line":66,"column":40},"end":{"line":66,"column":69}},{"start":{"line":66,"column":72},"end":{"line":66,"column":76}}]},"5":{"loc":{"start":{"line":69,"column":4},"end":{"line":84,"column":5}},"type":"if","locations":[{"start":{"line":69,"column":4},"end":{"line":84,"column":5}},{"start":{"line":73,"column":11},"end":{"line":84,"column":5}}]},"6":{"loc":{"start":{"line":107,"column":4},"end":{"line":113,"column":5}},"type":"if","locations":[{"start":{"line":107,"column":4},"end":{"line":113,"column":5}},{"start":{},"end":{}}]},"7":{"loc":{"start":{"line":123,"column":33},"end":{"line":123,"column":78}},"type":"cond-expr","locations":[{"start":{"line":123,"column":44},"end":{"line":123,"column":71}},{"start":{"line":123,"column":74},"end":{"line":123,"column":78}}]},"8":{"loc":{"start":{"line":124,"column":31},"end":{"line":124,"column":75}},"type":"cond-expr","locations":[{"start":{"line":124,"column":42},"end":{"line":124,"column":71}},{"start":{"line":124,"column":74},"end":{"line":124,"column":75}}]},"9":{"loc":{"start":{"line":126,"column":6},"end":{"line":141,"column":7}},"type":"if","locations":[{"start":{"line":126,"column":6},"end":{"line":141,"column":7}},{"start":{"line":130,"column":13},"end":{"line":141,"column":7}}]},"10":{"loc":{"start":{"line":180,"column":6},"end":{"line":184,"column":7}},"type":"if","locations":[{"start":{"line":180,"column":6},"end":{"line":184,"column":7}},{"start":{},"end":{}}]},"11":{"loc":{"start":{"line":203,"column":23},"end":{"line":203,"column":115}},"type":"binary-expr","locations":[{"start":{"line":203,"column":23},"end":{"line":203,"column":38}},{"start":{"line":203,"column":42},"end":{"line":203,"column":67}},{"start":{"line":203,"column":72},"end":{"line":203,"column":114}}]},"12":{"loc":{"start":{"line":203,"column":72},"end":{"line":203,"column":114}},"type":"cond-expr","locations":[{"start":{"line":203,"column":96},"end":{"line":203,"column":105}},{"start":{"line":203,"column":108},"end":{"line":203,"column":114}}]},"13":{"loc":{"start":{"line":204,"column":27},"end":{"line":204,"column":70}},"type":"cond-expr","locations":[{"start":{"line":204,"column":58},"end":{"line":204,"column":66}},{"start":{"line":204,"column":69},"end":{"line":204,"column":70}}]},"14":{"loc":{"start":{"line":206,"column":6},"end":{"line":224,"column":7}},"type":"if","locations":[{"start":{"line":206,"column":6},"end":{"line":224,"column":7}},{"start":{},"end":{}}]},"15":{"loc":{"start":{"line":216,"column":25},"end":{"line":216,"column":53}},"type":"binary-expr","locations":[{"start":{"line":216,"column":25},"end":{"line":216,"column":36}},{"start":{"line":216,"column":40},"end":{"line":216,"column":53}}]},"16":{"loc":{"start":{"line":232,"column":10},"end":{"line":232,"column":84}},"type":"binary-expr","locations":[{"start":{"line":232,"column":10},"end":{"line":232,"column":19}},{"start":{"line":232,"column":23},"end":{"line":232,"column":84}}]},"17":{"loc":{"start":{"line":245,"column":4},"end":{"line":249,"column":5}},"type":"if","locations":[{"start":{"line":245,"column":4},"end":{"line":249,"column":5}},{"start":{},"end":{}}]},"18":{"loc":{"start":{"line":270,"column":21},"end":{"line":270,"column":45}},"type":"binary-expr","locations":[{"start":{"line":270,"column":21},"end":{"line":270,"column":32}},{"start":{"line":270,"column":36},"end":{"line":270,"column":45}}]},"19":{"loc":{"start":{"line":290,"column":4},"end":{"line":294,"column":5}},"type":"if","locations":[{"start":{"line":290,"column":4},"end":{"line":294,"column":5}},{"start":{},"end":{}}]},"20":{"loc":{"start":{"line":323,"column":21},"end":{"line":323,"column":47}},"type":"binary-expr","locations":[{"start":{"line":323,"column":21},"end":{"line":323,"column":32}},{"start":{"line":323,"column":36},"end":{"line":323,"column":47}}]}},"s":{"0":5,"1":5,"2":5,"3":5,"4":5,"5":5,"6":5,"7":5,"8":18,"9":18,"10":18,"11":18,"12":18,"13":31,"14":2,"15":29,"16":29,"17":3,"18":3,"19":2,"20":26,"21":33,"22":31,"23":31,"24":31,"25":31,"26":3,"27":3,"28":3,"29":28,"30":31,"31":31,"32":9,"33":2,"34":7,"35":7,"36":7,"37":7,"38":7,"39":7,"40":7,"41":7,"42":0,"43":7,"44":7,"45":7,"46":15,"47":15,"48":15,"49":19,"50":19,"51":1,"52":18,"53":18,"54":18,"55":18,"56":18,"57":18,"58":18,"59":13,"60":13,"61":13,"62":5,"63":5,"64":1,"65":5,"66":5,"67":0,"68":5,"69":5,"70":5,"71":5,"72":5,"73":5,"74":10,"75":10,"76":0,"77":10,"78":10,"79":10,"80":10,"81":10,"82":10,"83":10,"84":10,"85":44,"86":5,"87":5},"f":{"0":18,"1":31,"2":33,"3":9,"4":15,"5":5,"6":10,"7":44},"b":{"0":[25],"1":[2,29],"2":[3,26],"3":[3,28],"4":[3,28],"5":[3,28],"6":[2,7],"7":[7,0],"8":[7,0],"9":[7,0],"10":[1,18],"11":[18,11,11],"12":[0,11],"13":[18,0],"14":[13,5],"15":[13,7],"16":[1,0],"17":[0,5],"18":[5,5],"19":[0,10],"20":[10,3]}}
,"/Users/sauravsingh/readyon-timeoff/src/balance/dto/batch-sync.dto.ts": {"path":"/Users/sauravsingh/readyon-timeoff/src/balance/dto/batch-sync.dto.ts","statementMap":{"0":{"start":{"line":1,"column":0},"end":{"line":1,"column":104}},"1":{"start":{"line":2,"column":0},"end":{"line":2,"column":41}},"2":{"start":{"line":4,"column":0},"end":{"line":4,"column":13}},"3":{"start":{"line":7,"column":2},"end":{"line":7,"column":null}},"4":{"start":{"line":11,"column":2},"end":{"line":11,"column":null}},"5":{"start":{"line":14,"column":2},"end":{"line":14,"column":null}},"6":{"start":{"line":17,"column":0},"end":{"line":17,"column":13}},"7":{"start":{"line":20,"column":2},"end":{"line":20,"column":null}},"8":{"start":{"line":23,"column":2},"end":{"line":23,"column":null}},"9":{"start":{"line":28,"column":2},"end":{"line":28,"column":null}},"10":{"start":{"line":27,"column":14},"end":{"line":27,"column":30}}},"fnMap":{"0":{"name":"(anonymous_2)","decl":{"start":{"line":27,"column":8},"end":{"line":27,"column":11}},"loc":{"start":{"line":27,"column":14},"end":{"line":27,"column":30}}}},"branchMap":{},"s":{"0":1,"1":1,"2":1,"3":1,"4":1,"5":1,"6":1,"7":1,"8":1,"9":1,"10":1},"f":{"0":1},"b":{}}
,"/Users/sauravsingh/readyon-timeoff/src/balance/dto/sync-balance.dto.ts": {"path":"/Users/sauravsingh/readyon-timeoff/src/balance/dto/sync-balance.dto.ts","statementMap":{"0":{"start":{"line":1,"column":0},"end":{"line":1,"column":55}},"1":{"start":{"line":3,"column":0},"end":{"line":3,"column":13}},"2":{"start":{"line":6,"column":2},"end":{"line":6,"column":null}},"3":{"start":{"line":10,"column":2},"end":{"line":10,"column":null}}},"fnMap":{},"branchMap":{},"s":{"0":1,"1":1,"2":1,"3":1},"f":{},"b":{}}
,"/Users/sauravsingh/readyon-timeoff/src/balance/entities/balance.entity.ts": {"path":"/Users/sauravsingh/readyon-timeoff/src/balance/entities/balance.entity.ts","statementMap":{"0":{"start":{"line":1,"column":0},"end":{"line":1,"column":null}},"1":{"start":{"line":12,"column":7},"end":{"line":43,"column":null}},"2":{"start":{"line":41,"column":4},"end":{"line":41,"column":63}},"3":{"start":{"line":12,"column":13},"end":{"line":12,"column":20}},"4":{"start":{"line":14,"column":2},"end":{"line":14,"column":null}},"5":{"start":{"line":17,"column":2},"end":{"line":17,"column":null}},"6":{"start":{"line":20,"column":2},"end":{"line":20,"column":null}},"7":{"start":{"line":23,"column":2},"end":{"line":23,"column":null}},"8":{"start":{"line":26,"column":2},"end":{"line":26,"column":null}},"9":{"start":{"line":29,"column":2},"end":{"line":29,"column":null}},"10":{"start":{"line":32,"column":2},"end":{"line":32,"column":null}},"11":{"start":{"line":35,"column":2},"end":{"line":35,"column":null}},"12":{"start":{"line":38,"column":2},"end":{"line":38,"column":null}},"13":{"start":{"line":12,"column":13},"end":{"line":43,"column":null}}},"fnMap":{"0":{"name":"(anonymous_2)","decl":{"start":{"line":40,"column":2},"end":{"line":40,"column":6}},"loc":{"start":{"line":40,"column":19},"end":{"line":42,"column":3}}}},"branchMap":{},"s":{"0":5,"1":5,"2":53,"3":5,"4":5,"5":5,"6":5,"7":5,"8":5,"9":5,"10":5,"11":5,"12":5,"13":5},"f":{"0":53},"b":{}}
,"/Users/sauravsingh/readyon-timeoff/src/hcm/hcm.module.ts": {"path":"/Users/sauravsingh/readyon-timeoff/src/hcm/hcm.module.ts","statementMap":{"0":{"start":{"line":1,"column":0},"end":{"line":1,"column":40}},"1":{"start":{"line":2,"column":0},"end":{"line":2,"column":43}},"2":{"start":{"line":3,"column":0},"end":{"line":3,"column":61}},"3":{"start":{"line":4,"column":0},"end":{"line":4,"column":43}},"4":{"start":{"line":19,"column":7},"end":{"line":19,"column":null}},"5":{"start":{"line":19,"column":13},"end":{"line":19,"column":22}},"6":{"start":{"line":19,"column":13},"end":{"line":19,"column":null}},"7":{"start":{"line":11,"column":53},"end":{"line":13,"column":8}}},"fnMap":{"0":{"name":"(anonymous_1)","decl":{"start":{"line":11,"column":18},"end":{"line":11,"column":19}},"loc":{"start":{"line":11,"column":53},"end":{"line":13,"column":8}}}},"branchMap":{},"s":{"0":1,"1":1,"2":1,"3":1,"4":1,"5":1,"6":1,"7":1},"f":{"0":1},"b":{}}
,"/Users/sauravsingh/readyon-timeoff/src/hcm/hcm.service.ts": {"path":"/Users/sauravsingh/readyon-timeoff/src/hcm/hcm.service.ts","statementMap":{"0":{"start":{"line":1,"column":0},"end":{"line":1,"column":132}},"1":{"start":{"line":2,"column":0},"end":{"line":2,"column":44}},"2":{"start":{"line":3,"column":0},"end":{"line":3,"column":47}},"3":{"start":{"line":4,"column":0},"end":{"line":4,"column":38}},"4":{"start":{"line":9,"column":4},"end":{"line":9,"column":51}},"5":{"start":{"line":7,"column":0},"end":{"line":7,"column":13}},"6":{"start":{"line":15,"column":4},"end":{"line":15,"column":57}},"7":{"start":{"line":13,"column":0},"end":{"line":13,"column":13}},"8":{"start":{"line":21,"column":4},"end":{"line":21,"column":45}},"9":{"start":{"line":19,"column":0},"end":{"line":19,"column":13}},"10":{"start":{"line":26,"column":23},"end":{"line":158,"column":null}},"11":{"start":{"line":33,"column":21},"end":{"line":33,"column":34}},"12":{"start":{"line":34,"column":21},"end":{"line":34,"column":36}},"13":{"start":{"line":27,"column":19},"end":{"line":27,"column":56}},"14":{"start":{"line":36,"column":4},"end":{"line":36,"column":91}},"15":{"start":{"line":37,"column":4},"end":{"line":37,"column":76}},"16":{"start":{"line":38,"column":4},"end":{"line":38,"column":75}},"17":{"start":{"line":42,"column":4},"end":{"line":53,"column":7}},"18":{"start":{"line":43,"column":6},"end":{"line":52,"column":7}},"19":{"start":{"line":44,"column":25},"end":{"line":47,"column":null}},"20":{"start":{"line":49,"column":8},"end":{"line":49,"column":29}},"21":{"start":{"line":51,"column":8},"end":{"line":51,"column":51}},"22":{"start":{"line":62,"column":4},"end":{"line":75,"column":14}},"23":{"start":{"line":63,"column":6},"end":{"line":74,"column":7}},"24":{"start":{"line":64,"column":25},"end":{"line":69,"column":null}},"25":{"start":{"line":71,"column":8},"end":{"line":71,"column":29}},"26":{"start":{"line":73,"column":8},"end":{"line":73,"column":54}},"27":{"start":{"line":84,"column":4},"end":{"line":97,"column":7}},"28":{"start":{"line":85,"column":6},"end":{"line":96,"column":7}},"29":{"start":{"line":86,"column":25},"end":{"line":91,"column":null}},"30":{"start":{"line":93,"column":8},"end":{"line":93,"column":29}},"31":{"start":{"line":95,"column":8},"end":{"line":95,"column":55}},"32":{"start":{"line":101,"column":4},"end":{"line":105,"column":5}},"33":{"start":{"line":104,"column":6},"end":{"line":104,"column":18}},"34":{"start":{"line":107,"column":23},"end":{"line":107,"column":42}},"35":{"start":{"line":108,"column":4},"end":{"line":122,"column":5}},"36":{"start":{"line":109,"column":21},"end":{"line":109,"column":47}},"37":{"start":{"line":110,"column":6},"end":{"line":114,"column":7}},"38":{"start":{"line":111,"column":8},"end":{"line":113,"column":10}},"39":{"start":{"line":115,"column":6},"end":{"line":117,"column":7}},"40":{"start":{"line":116,"column":8},"end":{"line":116,"column":85}},"41":{"start":{"line":118,"column":6},"end":{"line":120,"column":7}},"42":{"start":{"line":119,"column":8},"end":{"line":119,"column":93}},"43":{"start":{"line":121,"column":6},"end":{"line":121,"column":84}},"44":{"start":{"line":124,"column":4},"end":{"line":126,"column":5}},"45":{"start":{"line":125,"column":6},"end":{"line":125,"column":75}},"46":{"start":{"line":128,"column":4},"end":{"line":130,"column":5}},"47":{"start":{"line":129,"column":6},"end":{"line":129,"column":79}},"48":{"start":{"line":132,"column":4},"end":{"line":132,"column":81}},"49":{"start":{"line":133,"column":4},"end":{"line":133,"column":77}},"50":{"start":{"line":137,"column":24},"end":{"line":137,"column":55}},"51":{"start":{"line":140,"column":4},"end":{"line":154,"column":5}},"52":{"start":{"line":140,"column":23},"end":{"line":140,"column":24}},"53":{"start":{"line":141,"column":6},"end":{"line":153,"column":7}},"54":{"start":{"line":142,"column":8},"end":{"line":142,"column":26}},"55":{"start":{"line":144,"column":8},"end":{"line":144,"column":26}},"56":{"start":{"line":145,"column":8},"end":{"line":148,"column":9}},"57":{"start":{"line":147,"column":10},"end":{"line":147,"column":22}},"58":{"start":{"line":149,"column":8},"end":{"line":152,"column":9}},"59":{"start":{"line":150,"column":10},"end":{"line":150,"column":87}},"60":{"start":{"line":151,"column":10},"end":{"line":151,"column":67}},"61":{"start":{"line":151,"column":41},"end":{"line":151,"column":65}},"62":{"start":{"line":156,"column":4},"end":{"line":156,"column":20}},"63":{"start":{"line":26,"column":13},"end":{"line":26,"column":23}},"64":{"start":{"line":26,"column":13},"end":{"line":158,"column":null}}},"fnMap":{"0":{"name":"(anonymous_2)","decl":{"start":{"line":8,"column":2},"end":{"line":8,"column":14}},"loc":{"start":{"line":8,"column":30},"end":{"line":10,"column":3}}},"1":{"name":"(anonymous_3)","decl":{"start":{"line":14,"column":2},"end":{"line":14,"column":14}},"loc":{"start":{"line":14,"column":30},"end":{"line":16,"column":3}}},"2":{"name":"(anonymous_4)","decl":{"start":{"line":20,"column":2},"end":{"line":20,"column":14}},"loc":{"start":{"line":20,"column":30},"end":{"line":22,"column":3}}},"3":{"name":"(anonymous_5)","decl":{"start":{"line":32,"column":2},"end":{"line":32,"column":null}},"loc":{"start":{"line":34,"column":49},"end":{"line":39,"column":3}}},"4":{"name":"(anonymous_6)","decl":{"start":{"line":41,"column":2},"end":{"line":41,"column":7}},"loc":{"start":{"line":41,"column":57},"end":{"line":54,"column":3}}},"5":{"name":"(anonymous_7)","decl":{"start":{"line":42,"column":26},"end":{"line":42,"column":31}},"loc":{"start":{"line":42,"column":37},"end":{"line":53,"column":5}}},"6":{"name":"(anonymous_8)","decl":{"start":{"line":56,"column":2},"end":{"line":56,"column":7}},"loc":{"start":{"line":60,"column":21},"end":{"line":76,"column":3}}},"7":{"name":"(anonymous_9)","decl":{"start":{"line":62,"column":26},"end":{"line":62,"column":31}},"loc":{"start":{"line":62,"column":37},"end":{"line":75,"column":5}}},"8":{"name":"(anonymous_10)","decl":{"start":{"line":78,"column":2},"end":{"line":78,"column":7}},"loc":{"start":{"line":82,"column":21},"end":{"line":98,"column":3}}},"9":{"name":"(anonymous_11)","decl":{"start":{"line":84,"column":26},"end":{"line":84,"column":31}},"loc":{"start":{"line":84,"column":37},"end":{"line":97,"column":5}}},"10":{"name":"(anonymous_12)","decl":{"start":{"line":100,"column":10},"end":{"line":100,"column":26}},"loc":{"start":{"line":100,"column":56},"end":{"line":134,"column":3}}},"11":{"name":"(anonymous_13)","decl":{"start":{"line":136,"column":10},"end":{"line":136,"column":15}},"loc":{"start":{"line":136,"column":63},"end":{"line":157,"column":3}}},"12":{"name":"(anonymous_14)","decl":{"start":{"line":151,"column":28},"end":{"line":151,"column":29}},"loc":{"start":{"line":151,"column":41},"end":{"line":151,"column":65}}}},"branchMap":{"0":{"loc":{"start":{"line":9,"column":10},"end":{"line":9,"column":49}},"type":"binary-expr","locations":[{"start":{"line":9,"column":10},"end":{"line":9,"column":17}},{"start":{"line":9,"column":21},"end":{"line":9,"column":49}}]},"1":{"loc":{"start":{"line":15,"column":10},"end":{"line":15,"column":55}},"type":"binary-expr","locations":[{"start":{"line":15,"column":10},"end":{"line":15,"column":17}},{"start":{"line":15,"column":21},"end":{"line":15,"column":55}}]},"2":{"loc":{"start":{"line":21,"column":10},"end":{"line":21,"column":43}},"type":"binary-expr","locations":[{"start":{"line":21,"column":10},"end":{"line":21,"column":17}},{"start":{"line":21,"column":21},"end":{"line":21,"column":43}}]},"3":{"loc":{"start":{"line":101,"column":4},"end":{"line":105,"column":5}},"type":"if","locations":[{"start":{"line":101,"column":4},"end":{"line":105,"column":5}},{"start":{},"end":{}}]},"4":{"loc":{"start":{"line":101,"column":8},"end":{"line":103,"column":47}},"type":"binary-expr","locations":[{"start":{"line":101,"column":8},"end":{"line":101,"column":56}},{"start":{"line":102,"column":8},"end":{"line":102,"column":48}},{"start":{"line":103,"column":8},"end":{"line":103,"column":47}}]},"5":{"loc":{"start":{"line":108,"column":4},"end":{"line":122,"column":5}},"type":"if","locations":[{"start":{"line":108,"column":4},"end":{"line":122,"column":5}},{"start":{},"end":{}}]},"6":{"loc":{"start":{"line":110,"column":6},"end":{"line":114,"column":7}},"type":"if","locations":[{"start":{"line":110,"column":6},"end":{"line":114,"column":7}},{"start":{},"end":{}}]},"7":{"loc":{"start":{"line":115,"column":6},"end":{"line":117,"column":7}},"type":"if","locations":[{"start":{"line":115,"column":6},"end":{"line":117,"column":7}},{"start":{},"end":{}}]},"8":{"loc":{"start":{"line":118,"column":6},"end":{"line":120,"column":7}},"type":"if","locations":[{"start":{"line":118,"column":6},"end":{"line":120,"column":7}},{"start":{},"end":{}}]},"9":{"loc":{"start":{"line":124,"column":4},"end":{"line":126,"column":5}},"type":"if","locations":[{"start":{"line":124,"column":4},"end":{"line":126,"column":5}},{"start":{},"end":{}}]},"10":{"loc":{"start":{"line":124,"column":8},"end":{"line":124,"column":77}},"type":"binary-expr","locations":[{"start":{"line":124,"column":8},"end":{"line":124,"column":42}},{"start":{"line":124,"column":46},"end":{"line":124,"column":77}}]},"11":{"loc":{"start":{"line":128,"column":4},"end":{"line":130,"column":5}},"type":"if","locations":[{"start":{"line":128,"column":4},"end":{"line":130,"column":5}},{"start":{},"end":{}}]},"12":{"loc":{"start":{"line":128,"column":8},"end":{"line":128,"column":77}},"type":"binary-expr","locations":[{"start":{"line":128,"column":8},"end":{"line":128,"column":42}},{"start":{"line":128,"column":46},"end":{"line":128,"column":77}}]},"13":{"loc":{"start":{"line":132,"column":56},"end":{"line":132,"column":79}},"type":"binary-expr","locations":[{"start":{"line":132,"column":56},"end":{"line":132,"column":70}},{"start":{"line":132,"column":74},"end":{"line":132,"column":79}}]},"14":{"loc":{"start":{"line":136,"column":51},"end":{"line":136,"column":63}},"type":"default-arg","locations":[{"start":{"line":136,"column":59},"end":{"line":136,"column":63}}]},"15":{"loc":{"start":{"line":137,"column":24},"end":{"line":137,"column":55}},"type":"cond-expr","locations":[{"start":{"line":137,"column":32},"end":{"line":137,"column":51}},{"start":{"line":137,"column":54},"end":{"line":137,"column":55}}]},"16":{"loc":{"start":{"line":145,"column":8},"end":{"line":148,"column":9}},"type":"if","locations":[{"start":{"line":145,"column":8},"end":{"line":148,"column":9}},{"start":{},"end":{}}]},"17":{"loc":{"start":{"line":145,"column":12},"end":{"line":146,"column":51}},"type":"binary-expr","locations":[{"start":{"line":145,"column":12},"end":{"line":145,"column":60}},{"start":{"line":146,"column":12},"end":{"line":146,"column":51}}]},"18":{"loc":{"start":{"line":149,"column":8},"end":{"line":152,"column":9}},"type":"if","locations":[{"start":{"line":149,"column":8},"end":{"line":152,"column":9}},{"start":{},"end":{}}]}},"s":{"0":6,"1":6,"2":6,"3":6,"4":31,"5":6,"6":4,"7":6,"8":2,"9":6,"10":6,"11":23,"12":23,"13":23,"14":23,"15":23,"16":23,"17":49,"18":68,"19":68,"20":36,"21":32,"22":10,"23":10,"24":10,"25":6,"26":4,"27":4,"28":5,"29":5,"30":4,"31":1,"32":37,"33":4,"34":33,"35":33,"36":18,"37":18,"38":2,"39":16,"40":2,"41":14,"42":10,"43":4,"44":15,"45":6,"46":9,"47":6,"48":3,"49":3,"50":63,"51":63,"52":63,"53":83,"54":83,"55":37,"56":37,"57":5,"58":32,"59":20,"60":20,"61":20,"62":12,"63":6,"64":6},"f":{"0":31,"1":4,"2":2,"3":23,"4":49,"5":68,"6":10,"7":10,"8":4,"9":5,"10":37,"11":63,"12":20},"b":{"0":[31,0],"1":[4,0],"2":[2,0],"3":[4,33],"4":[37,36,33],"5":[18,15],"6":[2,16],"7":[2,14],"8":[10,4],"9":[6,9],"10":[15,12],"11":[6,3],"12":[9,6],"13":[3,0],"14":[53],"15":[53,10],"16":[5,32],"17":[37,34],"18":[20,12]}}
,"/Users/sauravsingh/readyon-timeoff/src/sync/sync.module.ts": {"path":"/Users/sauravsingh/readyon-timeoff/src/sync/sync.module.ts","statementMap":{"0":{"start":{"line":1,"column":0},"end":{"line":1,"column":40}},"1":{"start":{"line":2,"column":0},"end":{"line":2,"column":48}},"2":{"start":{"line":3,"column":0},"end":{"line":3,"column":45}},"3":{"start":{"line":4,"column":0},"end":{"line":4,"column":53}},"4":{"start":{"line":11,"column":7},"end":{"line":11,"column":null}},"5":{"start":{"line":11,"column":13},"end":{"line":11,"column":23}},"6":{"start":{"line":11,"column":13},"end":{"line":11,"column":null}}},"fnMap":{},"branchMap":{},"s":{"0":1,"1":1,"2":1,"3":1,"4":1,"5":1,"6":1},"f":{},"b":{}}
,"/Users/sauravsingh/readyon-timeoff/src/sync/sync.service.ts": {"path":"/Users/sauravsingh/readyon-timeoff/src/sync/sync.service.ts","statementMap":{"0":{"start":{"line":1,"column":0},"end":{"line":1,"column":44}},"1":{"start":{"line":2,"column":0},"end":{"line":2,"column":51}},"2":{"start":{"line":3,"column":0},"end":{"line":3,"column":37}},"3":{"start":{"line":4,"column":0},"end":{"line":4,"column":53}},"4":{"start":{"line":7,"column":7},"end":{"line":26,"column":null}},"5":{"start":{"line":10,"column":21},"end":{"line":10,"column":34}},"6":{"start":{"line":14,"column":18},"end":{"line":14,"column":60}},"7":{"start":{"line":16,"column":4},"end":{"line":18,"column":5}},"8":{"start":{"line":17,"column":6},"end":{"line":17,"column":69}},"9":{"start":{"line":20,"column":4},"end":{"line":22,"column":5}},"10":{"start":{"line":21,"column":6},"end":{"line":21,"column":69}},"11":{"start":{"line":24,"column":4},"end":{"line":24,"column":60}},"12":{"start":{"line":7,"column":13},"end":{"line":7,"column":24}},"13":{"start":{"line":7,"column":13},"end":{"line":26,"column":null}}},"fnMap":{"0":{"name":"(anonymous_4)","decl":{"start":{"line":8,"column":2},"end":{"line":8,"column":null}},"loc":{"start":{"line":10,"column":53},"end":{"line":11,"column":6}}},"1":{"name":"(anonymous_5)","decl":{"start":{"line":13,"column":2},"end":{"line":13,"column":7}},"loc":{"start":{"line":13,"column":56},"end":{"line":25,"column":3}}}},"branchMap":{"0":{"loc":{"start":{"line":16,"column":4},"end":{"line":18,"column":5}},"type":"if","locations":[{"start":{"line":16,"column":4},"end":{"line":18,"column":5}},{"start":{},"end":{}}]},"1":{"loc":{"start":{"line":20,"column":4},"end":{"line":22,"column":5}},"type":"if","locations":[{"start":{"line":20,"column":4},"end":{"line":22,"column":5}},{"start":{},"end":{}}]}},"s":{"0":2,"1":2,"2":2,"3":2,"4":2,"5":7,"6":6,"7":6,"8":3,"9":6,"10":3,"11":6,"12":2,"13":2},"f":{"0":7,"1":6},"b":{"0":[3,3],"1":[3,3]}}
,"/Users/sauravsingh/readyon-timeoff/src/sync/entities/sync-log.entity.ts": {"path":"/Users/sauravsingh/readyon-timeoff/src/sync/entities/sync-log.entity.ts","statementMap":{"0":{"start":{"line":1,"column":0},"end":{"line":1,"column":null}},"1":{"start":{"line":8,"column":0},"end":{"line":8,"column":null}},"2":{"start":{"line":9,"column":2},"end":{"line":9,"column":null}},"3":{"start":{"line":10,"column":2},"end":{"line":10,"column":null}},"4":{"start":{"line":11,"column":2},"end":{"line":11,"column":null}},"5":{"start":{"line":12,"column":2},"end":{"line":12,"column":null}},"6":{"start":{"line":13,"column":2},"end":{"line":13,"column":null}},"7":{"start":{"line":17,"column":7},"end":{"line":47,"column":null}},"8":{"start":{"line":17,"column":13},"end":{"line":17,"column":20}},"9":{"start":{"line":19,"column":2},"end":{"line":19,"column":null}},"10":{"start":{"line":22,"column":2},"end":{"line":22,"column":null}},"11":{"start":{"line":25,"column":2},"end":{"line":25,"column":null}},"12":{"start":{"line":28,"column":2},"end":{"line":28,"column":null}},"13":{"start":{"line":31,"column":2},"end":{"line":31,"column":null}},"14":{"start":{"line":34,"column":2},"end":{"line":34,"column":null}},"15":{"start":{"line":37,"column":2},"end":{"line":37,"column":null}},"16":{"start":{"line":40,"column":2},"end":{"line":40,"column":null}},"17":{"start":{"line":43,"column":2},"end":{"line":43,"column":null}},"18":{"start":{"line":46,"column":2},"end":{"line":46,"column":null}},"19":{"start":{"line":17,"column":13},"end":{"line":47,"column":null}}},"fnMap":{"0":{"name":"(anonymous_2)","decl":{"start":{"line":8,"column":0},"end":{"line":8,"column":12}},"loc":{"start":{"line":8,"column":20},"end":{"line":14,"column":1}}}},"branchMap":{"0":{"loc":{"start":{"line":8,"column":12},"end":{"line":8,"column":null}},"type":"binary-expr","locations":[{"start":{"line":8,"column":12},"end":{"line":8,"column":20}},{"start":{"line":8,"column":20},"end":{"line":8,"column":null}}]}},"s":{"0":6,"1":6,"2":6,"3":6,"4":6,"5":6,"6":6,"7":6,"8":6,"9":6,"10":6,"11":6,"12":6,"13":6,"14":6,"15":6,"16":6,"17":6,"18":6,"19":6},"f":{"0":6},"b":{"0":[6,6]}}
,"/Users/sauravsingh/readyon-timeoff/src/time-off-request/time-off-request.controller.ts": {"path":"/Users/sauravsingh/readyon-timeoff/src/time-off-request/time-off-request.controller.ts","statementMap":{"0":{"start":{"line":1,"column":0},"end":{"line":1,"column":null}},"1":{"start":{"line":14,"column":0},"end":{"line":14,"column":67}},"2":{"start":{"line":15,"column":0},"end":{"line":15,"column":76}},"3":{"start":{"line":16,"column":0},"end":{"line":16,"column":62}},"4":{"start":{"line":17,"column":0},"end":{"line":17,"column":60}},"5":{"start":{"line":18,"column":0},"end":{"line":18,"column":67}},"6":{"start":{"line":21,"column":7},"end":{"line":91,"column":null}},"7":{"start":{"line":23,"column":21},"end":{"line":23,"column":44}},"8":{"start":{"line":32,"column":4},"end":{"line":34,"column":5}},"9":{"start":{"line":33,"column":6},"end":{"line":33,"column":74}},"10":{"start":{"line":36,"column":21},"end":{"line":38,"column":74}},"11":{"start":{"line":38,"column":21},"end":{"line":38,"column":73}},"12":{"start":{"line":38,"column":37},"end":{"line":38,"column":72}},"13":{"start":{"line":40,"column":4},"end":{"line":45,"column":5}},"14":{"start":{"line":41,"column":6},"end":{"line":44,"column":9}},"15":{"start":{"line":47,"column":4},"end":{"line":47,"column":66}},"16":{"start":{"line":56,"column":4},"end":{"line":60,"column":7}},"17":{"start":{"line":65,"column":4},"end":{"line":65,"column":50}},"18":{"start":{"line":74,"column":4},"end":{"line":74,"column":65}},"19":{"start":{"line":83,"column":4},"end":{"line":83,"column":76}},"20":{"start":{"line":89,"column":4},"end":{"line":89,"column":49}},"21":{"start":{"line":21,"column":13},"end":{"line":21,"column":37}},"22":{"start":{"line":28,"column":8},"end":{"line":48,"column":null}},"23":{"start":{"line":51,"column":8},"end":{"line":61,"column":null}},"24":{"start":{"line":64,"column":8},"end":{"line":66,"column":null}},"25":{"start":{"line":70,"column":8},"end":{"line":75,"column":null}},"26":{"start":{"line":79,"column":8},"end":{"line":84,"column":null}},"27":{"start":{"line":88,"column":8},"end":{"line":90,"column":null}},"28":{"start":{"line":21,"column":13},"end":{"line":91,"column":null}}},"fnMap":{"0":{"name":"(anonymous_4)","decl":{"start":{"line":22,"column":2},"end":{"line":22,"column":null}},"loc":{"start":{"line":23,"column":65},"end":{"line":24,"column":6}}},"1":{"name":"(anonymous_5)","decl":{"start":{"line":28,"column":8},"end":{"line":28,"column":14}},"loc":{"start":{"line":30,"column":54},"end":{"line":48,"column":3}}},"2":{"name":"(anonymous_6)","decl":{"start":{"line":38,"column":12},"end":{"line":38,"column":13}},"loc":{"start":{"line":38,"column":21},"end":{"line":38,"column":73}}},"3":{"name":"(anonymous_7)","decl":{"start":{"line":38,"column":30},"end":{"line":38,"column":31}},"loc":{"start":{"line":38,"column":37},"end":{"line":38,"column":72}}},"4":{"name":"(anonymous_8)","decl":{"start":{"line":51,"column":8},"end":{"line":51,"column":15}},"loc":{"start":{"line":54,"column":43},"end":{"line":61,"column":3}}},"5":{"name":"(anonymous_9)","decl":{"start":{"line":64,"column":8},"end":{"line":64,"column":15}},"loc":{"start":{"line":64,"column":39},"end":{"line":66,"column":3}}},"6":{"name":"(anonymous_10)","decl":{"start":{"line":70,"column":8},"end":{"line":70,"column":15}},"loc":{"start":{"line":72,"column":34},"end":{"line":75,"column":3}}},"7":{"name":"(anonymous_11)","decl":{"start":{"line":79,"column":8},"end":{"line":79,"column":14}},"loc":{"start":{"line":81,"column":33},"end":{"line":84,"column":3}}},"8":{"name":"(anonymous_12)","decl":{"start":{"line":88,"column":8},"end":{"line":88,"column":14}},"loc":{"start":{"line":88,"column":38},"end":{"line":90,"column":3}}}},"branchMap":{"0":{"loc":{"start":{"line":32,"column":4},"end":{"line":34,"column":5}},"type":"if","locations":[{"start":{"line":32,"column":4},"end":{"line":34,"column":5}},{"start":{},"end":{}}]},"1":{"loc":{"start":{"line":40,"column":4},"end":{"line":45,"column":5}},"type":"if","locations":[{"start":{"line":40,"column":4},"end":{"line":45,"column":5}},{"start":{},"end":{}}]}},"s":{"0":1,"1":1,"2":1,"3":1,"4":1,"5":1,"6":1,"7":1,"8":8,"9":0,"10":8,"11":8,"12":1,"13":8,"14":1,"15":7,"16":0,"17":0,"18":2,"19":1,"20":2,"21":1,"22":1,"23":1,"24":1,"25":1,"26":1,"27":1,"28":1},"f":{"0":1,"1":8,"2":8,"3":1,"4":0,"5":0,"6":2,"7":1,"8":2},"b":{"0":[0,8],"1":[1,7]}}
,"/Users/sauravsingh/readyon-timeoff/src/time-off-request/time-off-request.module.ts": {"path":"/Users/sauravsingh/readyon-timeoff/src/time-off-request/time-off-request.module.ts","statementMap":{"0":{"start":{"line":1,"column":0},"end":{"line":1,"column":40}},"1":{"start":{"line":2,"column":0},"end":{"line":2,"column":48}},"2":{"start":{"line":3,"column":0},"end":{"line":3,"column":73}},"3":{"start":{"line":4,"column":0},"end":{"line":4,"column":67}},"4":{"start":{"line":5,"column":0},"end":{"line":5,"column":68}},"5":{"start":{"line":6,"column":0},"end":{"line":6,"column":58}},"6":{"start":{"line":7,"column":0},"end":{"line":7,"column":46}},"7":{"start":{"line":19,"column":7},"end":{"line":19,"column":null}},"8":{"start":{"line":19,"column":13},"end":{"line":19,"column":33}},"9":{"start":{"line":19,"column":13},"end":{"line":19,"column":null}}},"fnMap":{},"branchMap":{},"s":{"0":1,"1":1,"2":1,"3":1,"4":1,"5":1,"6":1,"7":1,"8":1,"9":1},"f":{},"b":{}}
,"/Users/sauravsingh/readyon-timeoff/src/time-off-request/time-off-request.service.ts": {"path":"/Users/sauravsingh/readyon-timeoff/src/time-off-request/time-off-request.service.ts","statementMap":{"0":{"start":{"line":1,"column":0},"end":{"line":1,"column":null}},"1":{"start":{"line":9,"column":0},"end":{"line":9,"column":51}},"2":{"start":{"line":10,"column":0},"end":{"line":10,"column":37}},"3":{"start":{"line":11,"column":0},"end":{"line":11,"column":null}},"4":{"start":{"line":16,"column":0},"end":{"line":16,"column":60}},"5":{"start":{"line":17,"column":0},"end":{"line":17,"column":106}},"6":{"start":{"line":20,"column":34},"end":{"line":281,"column":null}},"7":{"start":{"line":25,"column":21},"end":{"line":25,"column":34}},"8":{"start":{"line":26,"column":21},"end":{"line":26,"column":37}},"9":{"start":{"line":27,"column":21},"end":{"line":27,"column":33}},"10":{"start":{"line":21,"column":19},"end":{"line":21,"column":67}},"11":{"start":{"line":35,"column":21},"end":{"line":37,"column":6}},"12":{"start":{"line":39,"column":4},"end":{"line":41,"column":5}},"13":{"start":{"line":40,"column":6},"end":{"line":40,"column":22}},"14":{"start":{"line":44,"column":20},"end":{"line":46,"column":null}},"15":{"start":{"line":49,"column":4},"end":{"line":60,"column":5}},"16":{"start":{"line":50,"column":6},"end":{"line":59,"column":9}},"17":{"start":{"line":62,"column":20},"end":{"line":71,"column":6}},"18":{"start":{"line":73,"column":4},"end":{"line":73,"column":42}},"19":{"start":{"line":77,"column":20},"end":{"line":77,"column":42}},"20":{"start":{"line":79,"column":4},"end":{"line":83,"column":5}},"21":{"start":{"line":80,"column":6},"end":{"line":82,"column":8}},"22":{"start":{"line":86,"column":20},"end":{"line":88,"column":null}},"23":{"start":{"line":91,"column":4},"end":{"line":102,"column":5}},"24":{"start":{"line":92,"column":6},"end":{"line":101,"column":9}},"25":{"start":{"line":106,"column":4},"end":{"line":117,"column":5}},"26":{"start":{"line":107,"column":22},"end":{"line":109,"column":null}},"27":{"start":{"line":111,"column":6},"end":{"line":111,"column":35}},"28":{"start":{"line":113,"column":6},"end":{"line":115,"column":7}},"29":{"start":{"line":114,"column":8},"end":{"line":114,"column":20}},"30":{"start":{"line":116,"column":6},"end":{"line":116,"column":71}},"31":{"start":{"line":119,"column":4},"end":{"line":130,"column":5}},"32":{"start":{"line":120,"column":6},"end":{"line":129,"column":9}},"33":{"start":{"line":133,"column":4},"end":{"line":138,"column":6}},"34":{"start":{"line":141,"column":4},"end":{"line":141,"column":50}},"35":{"start":{"line":142,"column":4},"end":{"line":142,"column":35}},"36":{"start":{"line":143,"column":4},"end":{"line":143,"column":41}},"37":{"start":{"line":146,"column":4},"end":{"line":181,"column":5}},"38":{"start":{"line":147,"column":6},"end":{"line":152,"column":8}},"39":{"start":{"line":155,"column":6},"end":{"line":160,"column":8}},"40":{"start":{"line":162,"column":6},"end":{"line":162,"column":51}},"41":{"start":{"line":163,"column":6},"end":{"line":163,"column":38}},"42":{"start":{"line":164,"column":6},"end":{"line":164,"column":43}},"43":{"start":{"line":167,"column":6},"end":{"line":172,"column":8}},"44":{"start":{"line":175,"column":8},"end":{"line":175,"column":62}},"45":{"start":{"line":176,"column":6},"end":{"line":176,"column":48}},"46":{"start":{"line":177,"column":6},"end":{"line":177,"column":43}},"47":{"start":{"line":178,"column":6},"end":{"line":178,"column":43}},"48":{"start":{"line":180,"column":6},"end":{"line":180,"column":18}},"49":{"start":{"line":183,"column":4},"end":{"line":183,"column":19}},"50":{"start":{"line":191,"column":20},"end":{"line":191,"column":42}},"51":{"start":{"line":193,"column":4},"end":{"line":200,"column":5}},"52":{"start":{"line":197,"column":6},"end":{"line":199,"column":8}},"53":{"start":{"line":202,"column":4},"end":{"line":202,"column":44}},"54":{"start":{"line":203,"column":4},"end":{"line":203,"column":35}},"55":{"start":{"line":204,"column":4},"end":{"line":204,"column":36}},"56":{"start":{"line":205,"column":4},"end":{"line":207,"column":5}},"57":{"start":{"line":206,"column":6},"end":{"line":206,"column":37}},"58":{"start":{"line":209,"column":4},"end":{"line":209,"column":42}},"59":{"start":{"line":213,"column":20},"end":{"line":213,"column":42}},"60":{"start":{"line":215,"column":4},"end":{"line":222,"column":5}},"61":{"start":{"line":219,"column":6},"end":{"line":221,"column":8}},"62":{"start":{"line":224,"column":4},"end":{"line":240,"column":5}},"63":{"start":{"line":226,"column":6},"end":{"line":231,"column":8}},"64":{"start":{"line":234,"column":6},"end":{"line":239,"column":8}},"65":{"start":{"line":242,"column":4},"end":{"line":242,"column":45}},"66":{"start":{"line":243,"column":4},"end":{"line":243,"column":36}},"67":{"start":{"line":245,"column":4},"end":{"line":245,"column":42}},"68":{"start":{"line":249,"column":20},"end":{"line":249,"column":69}},"69":{"start":{"line":250,"column":4},"end":{"line":252,"column":5}},"70":{"start":{"line":251,"column":6},"end":{"line":251,"column":70}},"71":{"start":{"line":253,"column":4},"end":{"line":253,"column":19}},"72":{"start":{"line":261,"column":18},"end":{"line":261,"column":64}},"73":{"start":{"line":263,"column":4},"end":{"line":267,"column":5}},"74":{"start":{"line":264,"column":6},"end":{"line":266,"column":9}},"75":{"start":{"line":269,"column":4},"end":{"line":273,"column":5}},"76":{"start":{"line":270,"column":6},"end":{"line":272,"column":9}},"77":{"start":{"line":275,"column":4},"end":{"line":277,"column":5}},"78":{"start":{"line":276,"column":6},"end":{"line":276,"column":77}},"79":{"start":{"line":279,"column":4},"end":{"line":279,"column":27}},"80":{"start":{"line":20,"column":13},"end":{"line":20,"column":34}},"81":{"start":{"line":20,"column":13},"end":{"line":281,"column":null}}},"fnMap":{"0":{"name":"(anonymous_4)","decl":{"start":{"line":23,"column":2},"end":{"line":23,"column":null}},"loc":{"start":{"line":27,"column":43},"end":{"line":28,"column":6}}},"1":{"name":"(anonymous_5)","decl":{"start":{"line":30,"column":2},"end":{"line":30,"column":7}},"loc":{"start":{"line":32,"column":26},"end":{"line":74,"column":3}}},"2":{"name":"(anonymous_6)","decl":{"start":{"line":76,"column":2},"end":{"line":76,"column":7}},"loc":{"start":{"line":76,"column":45},"end":{"line":184,"column":3}}},"3":{"name":"(anonymous_7)","decl":{"start":{"line":186,"column":2},"end":{"line":186,"column":7}},"loc":{"start":{"line":189,"column":19},"end":{"line":210,"column":3}}},"4":{"name":"(anonymous_8)","decl":{"start":{"line":212,"column":2},"end":{"line":212,"column":7}},"loc":{"start":{"line":212,"column":25},"end":{"line":246,"column":3}}},"5":{"name":"(anonymous_9)","decl":{"start":{"line":248,"column":2},"end":{"line":248,"column":7}},"loc":{"start":{"line":248,"column":26},"end":{"line":254,"column":3}}},"6":{"name":"(anonymous_10)","decl":{"start":{"line":256,"column":2},"end":{"line":256,"column":7}},"loc":{"start":{"line":260,"column":3},"end":{"line":280,"column":3}}}},"branchMap":{"0":{"loc":{"start":{"line":39,"column":4},"end":{"line":41,"column":5}},"type":"if","locations":[{"start":{"line":39,"column":4},"end":{"line":41,"column":5}},{"start":{},"end":{}}]},"1":{"loc":{"start":{"line":49,"column":4},"end":{"line":60,"column":5}},"type":"if","locations":[{"start":{"line":49,"column":4},"end":{"line":60,"column":5}},{"start":{},"end":{}}]},"2":{"loc":{"start":{"line":79,"column":4},"end":{"line":83,"column":5}},"type":"if","locations":[{"start":{"line":79,"column":4},"end":{"line":83,"column":5}},{"start":{},"end":{}}]},"3":{"loc":{"start":{"line":91,"column":4},"end":{"line":102,"column":5}},"type":"if","locations":[{"start":{"line":91,"column":4},"end":{"line":102,"column":5}},{"start":{},"end":{}}]},"4":{"loc":{"start":{"line":113,"column":6},"end":{"line":115,"column":7}},"type":"if","locations":[{"start":{"line":113,"column":6},"end":{"line":115,"column":7}},{"start":{},"end":{}}]},"5":{"loc":{"start":{"line":119,"column":4},"end":{"line":130,"column":5}},"type":"if","locations":[{"start":{"line":119,"column":4},"end":{"line":130,"column":5}},{"start":{},"end":{}}]},"6":{"loc":{"start":{"line":175,"column":8},"end":{"line":175,"column":62}},"type":"cond-expr","locations":[{"start":{"line":175,"column":33},"end":{"line":175,"column":46}},{"start":{"line":175,"column":49},"end":{"line":175,"column":62}}]},"7":{"loc":{"start":{"line":193,"column":4},"end":{"line":200,"column":5}},"type":"if","locations":[{"start":{"line":193,"column":4},"end":{"line":200,"column":5}},{"start":{},"end":{}}]},"8":{"loc":{"start":{"line":194,"column":6},"end":{"line":195,"column":49}},"type":"binary-expr","locations":[{"start":{"line":194,"column":6},"end":{"line":194,"column":55}},{"start":{"line":195,"column":6},"end":{"line":195,"column":49}}]},"9":{"loc":{"start":{"line":205,"column":4},"end":{"line":207,"column":5}},"type":"if","locations":[{"start":{"line":205,"column":4},"end":{"line":207,"column":5}},{"start":{},"end":{}}]},"10":{"loc":{"start":{"line":215,"column":4},"end":{"line":222,"column":5}},"type":"if","locations":[{"start":{"line":215,"column":4},"end":{"line":222,"column":5}},{"start":{},"end":{}}]},"11":{"loc":{"start":{"line":216,"column":6},"end":{"line":217,"column":52}},"type":"binary-expr","locations":[{"start":{"line":216,"column":6},"end":{"line":216,"column":55}},{"start":{"line":217,"column":6},"end":{"line":217,"column":52}}]},"12":{"loc":{"start":{"line":224,"column":4},"end":{"line":240,"column":5}},"type":"if","locations":[{"start":{"line":224,"column":4},"end":{"line":240,"column":5}},{"start":{},"end":{}}]},"13":{"loc":{"start":{"line":250,"column":4},"end":{"line":252,"column":5}},"type":"if","locations":[{"start":{"line":250,"column":4},"end":{"line":252,"column":5}},{"start":{},"end":{}}]},"14":{"loc":{"start":{"line":263,"column":4},"end":{"line":267,"column":5}},"type":"if","locations":[{"start":{"line":263,"column":4},"end":{"line":267,"column":5}},{"start":{},"end":{}}]},"15":{"loc":{"start":{"line":269,"column":4},"end":{"line":273,"column":5}},"type":"if","locations":[{"start":{"line":269,"column":4},"end":{"line":273,"column":5}},{"start":{},"end":{}}]},"16":{"loc":{"start":{"line":275,"column":4},"end":{"line":277,"column":5}},"type":"if","locations":[{"start":{"line":275,"column":4},"end":{"line":277,"column":5}},{"start":{},"end":{}}]}},"s":{"0":3,"1":3,"2":3,"3":3,"4":3,"5":3,"6":3,"7":19,"8":19,"9":19,"10":19,"11":18,"12":18,"13":2,"14":16,"15":16,"16":2,"17":14,"18":14,"19":13,"20":13,"21":1,"22":12,"23":12,"24":3,"25":9,"26":9,"27":7,"28":2,"29":2,"30":0,"31":7,"32":0,"33":7,"34":7,"35":7,"36":7,"37":7,"38":7,"39":6,"40":6,"41":6,"42":6,"43":1,"44":1,"45":1,"46":1,"47":1,"48":1,"49":6,"50":3,"51":3,"52":1,"53":2,"54":2,"55":2,"56":2,"57":2,"58":2,"59":7,"60":7,"61":2,"62":5,"63":3,"64":3,"65":5,"66":5,"67":5,"68":24,"69":24,"70":1,"71":23,"72":10,"73":10,"74":1,"75":10,"76":1,"77":10,"78":1,"79":10,"80":3,"81":3},"f":{"0":19,"1":18,"2":13,"3":3,"4":7,"5":24,"6":10},"b":{"0":[2,16],"1":[2,14],"2":[1,12],"3":[3,9],"4":[2,0],"5":[0,7],"6":[1,0],"7":[1,2],"8":[3,1],"9":[2,0],"10":[2,5],"11":[7,5],"12":[3,2],"13":[1,23],"14":[1,9],"15":[1,9],"16":[1,9]}}
,"/Users/sauravsingh/readyon-timeoff/src/time-off-request/dto/approve-request.dto.ts": {"path":"/Users/sauravsingh/readyon-timeoff/src/time-off-request/dto/approve-request.dto.ts","statementMap":{"0":{"start":{"line":1,"column":0},"end":{"line":1,"column":55}},"1":{"start":{"line":3,"column":0},"end":{"line":3,"column":13}},"2":{"start":{"line":6,"column":2},"end":{"line":6,"column":null}}},"fnMap":{},"branchMap":{},"s":{"0":1,"1":1,"2":1},"f":{},"b":{}}
,"/Users/sauravsingh/readyon-timeoff/src/time-off-request/dto/create-time-off-request.dto.ts": {"path":"/Users/sauravsingh/readyon-timeoff/src/time-off-request/dto/create-time-off-request.dto.ts","statementMap":{"0":{"start":{"line":1,"column":0},"end":{"line":1,"column":91}},"1":{"start":{"line":3,"column":0},"end":{"line":3,"column":13}},"2":{"start":{"line":6,"column":2},"end":{"line":6,"column":null}},"3":{"start":{"line":10,"column":2},"end":{"line":10,"column":null}},"4":{"start":{"line":13,"column":2},"end":{"line":13,"column":null}},"5":{"start":{"line":16,"column":2},"end":{"line":16,"column":null}},"6":{"start":{"line":20,"column":2},"end":{"line":20,"column":null}}},"fnMap":{},"branchMap":{},"s":{"0":1,"1":1,"2":1,"3":1,"4":1,"5":1,"6":1},"f":{},"b":{}}
,"/Users/sauravsingh/readyon-timeoff/src/time-off-request/dto/reject-request.dto.ts": {"path":"/Users/sauravsingh/readyon-timeoff/src/time-off-request/dto/reject-request.dto.ts","statementMap":{"0":{"start":{"line":1,"column":0},"end":{"line":1,"column":67}},"1":{"start":{"line":3,"column":0},"end":{"line":3,"column":13}},"2":{"start":{"line":6,"column":2},"end":{"line":6,"column":null}},"3":{"start":{"line":10,"column":2},"end":{"line":10,"column":null}}},"fnMap":{},"branchMap":{},"s":{"0":1,"1":1,"2":1,"3":1},"f":{},"b":{}}
,"/Users/sauravsingh/readyon-timeoff/src/time-off-request/entities/time-off-request.entity.ts": {"path":"/Users/sauravsingh/readyon-timeoff/src/time-off-request/entities/time-off-request.entity.ts","statementMap":{"0":{"start":{"line":1,"column":0},"end":{"line":1,"column":null}},"1":{"start":{"line":10,"column":0},"end":{"line":10,"column":null}},"2":{"start":{"line":11,"column":2},"end":{"line":11,"column":null}},"3":{"start":{"line":12,"column":2},"end":{"line":12,"column":null}},"4":{"start":{"line":13,"column":2},"end":{"line":13,"column":null}},"5":{"start":{"line":14,"column":2},"end":{"line":14,"column":null}},"6":{"start":{"line":15,"column":2},"end":{"line":15,"column":null}},"7":{"start":{"line":16,"column":2},"end":{"line":16,"column":null}},"8":{"start":{"line":17,"column":2},"end":{"line":17,"column":null}},"9":{"start":{"line":22,"column":7},"end":{"line":68,"column":null}},"10":{"start":{"line":22,"column":13},"end":{"line":22,"column":27}},"11":{"start":{"line":24,"column":2},"end":{"line":24,"column":null}},"12":{"start":{"line":27,"column":2},"end":{"line":27,"column":null}},"13":{"start":{"line":30,"column":2},"end":{"line":30,"column":null}},"14":{"start":{"line":33,"column":2},"end":{"line":33,"column":null}},"15":{"start":{"line":36,"column":2},"end":{"line":36,"column":null}},"16":{"start":{"line":39,"column":2},"end":{"line":39,"column":null}},"17":{"start":{"line":46,"column":2},"end":{"line":46,"column":null}},"18":{"start":{"line":49,"column":2},"end":{"line":49,"column":null}},"19":{"start":{"line":52,"column":2},"end":{"line":52,"column":null}},"20":{"start":{"line":55,"column":2},"end":{"line":55,"column":null}},"21":{"start":{"line":58,"column":2},"end":{"line":58,"column":null}},"22":{"start":{"line":61,"column":2},"end":{"line":61,"column":null}},"23":{"start":{"line":64,"column":2},"end":{"line":64,"column":null}},"24":{"start":{"line":67,"column":2},"end":{"line":67,"column":null}},"25":{"start":{"line":22,"column":13},"end":{"line":68,"column":null}}},"fnMap":{"0":{"name":"(anonymous_2)","decl":{"start":{"line":10,"column":0},"end":{"line":10,"column":12}},"loc":{"start":{"line":10,"column":25},"end":{"line":18,"column":1}}}},"branchMap":{"0":{"loc":{"start":{"line":10,"column":12},"end":{"line":10,"column":null}},"type":"binary-expr","locations":[{"start":{"line":10,"column":12},"end":{"line":10,"column":25}},{"start":{"line":10,"column":25},"end":{"line":10,"column":null}}]}},"s":{"0":3,"1":3,"2":3,"3":3,"4":3,"5":3,"6":3,"7":3,"8":3,"9":3,"10":3,"11":3,"12":3,"13":3,"14":3,"15":3,"16":3,"17":3,"18":3,"19":3,"20":3,"21":3,"22":3,"23":3,"24":3,"25":3},"f":{"0":3},"b":{"0":[3,3]}}
}
