TN:
SF:src/app.module.ts
FN:21,(anonymous_1)
FNF:1
FNH:1
FNDA:1,(anonymous_1)
DA:1,1
DA:2,1
DA:3,1
DA:4,1
DA:5,1
DA:6,1
DA:7,1
DA:8,1
DA:9,1
DA:10,1
DA:21,1
DA:35,1
LF:12
LH:12
BRF:0
BRH:0
end_of_record
TN:
SF:src/balance/balance.controller.ts
FN:17,(anonymous_4)
FN:20,(anonymous_5)
FN:46,(anonymous_6)
FN:66,(anonymous_7)
FNF:4
FNH:4
FNDA:1,(anonymous_4)
FNDA:4,(anonymous_5)
FNDA:10,(anonymous_6)
FNDA:1,(anonymous_7)
DA:1,1
DA:11,1
DA:12,1
DA:13,1
DA:16,1
DA:17,1
DA:20,1
DA:25,4
DA:26,4
DA:32,3
DA:46,1
DA:47,10
DA:52,10
DA:66,1
DA:67,1
LF:15
LH:15
BRF:0
BRH:0
end_of_record
TN:
SF:src/balance/balance.module.ts
FNF:0
FNH:0
DA:1,1
DA:2,1
DA:3,1
DA:4,1
DA:5,1
DA:6,1
DA:7,1
DA:18,1
LF:8
LH:8
BRF:0
BRH:0
end_of_record
TN:
SF:src/balance/balance.service.ts
FN:21,(anonymous_4)
FN:31,(anonymous_5)
FN:58,(anonymous_6)
FN:102,(anonymous_7)
FN:166,(anonymous_8)
FN:235,(anonymous_9)
FN:280,(anonymous_10)
FN:334,(anonymous_11)
FNF:8
FNH:8
FNDA:18,(anonymous_4)
FNDA:31,(anonymous_5)
FNDA:33,(anonymous_6)
FNDA:9,(anonymous_7)
FNDA:15,(anonymous_8)
FNDA:5,(anonymous_9)
FNDA:10,(anonymous_10)
FNDA:44,(anonymous_11)
DA:1,5
DA:7,5
DA:8,5
DA:9,5
DA:10,5
DA:11,5
DA:15,5
DA:18,5
DA:19,18
DA:23,18
DA:25,18
DA:27,18
DA:28,18
DA:36,31
DA:37,2
DA:40,29
DA:44,29
DA:46,3
DA:47,3
DA:49,2
DA:55,26
DA:59,33
DA:61,31
DA:65,31
DA:66,31
DA:69,31
DA:70,3
DA:71,3
DA:72,3
DA:74,28
DA:86,31
DA:99,31
DA:107,9
DA:108,2
DA:115,7
DA:116,7
DA:123,7
DA:124,7
DA:126,7
DA:127,7
DA:128,7
DA:129,7
DA:131,0
DA:143,7
DA:157,7
DA:159,7
DA:172,15
DA:175,15
DA:176,19
DA:180,19
DA:181,1
DA:186,18
DA:187,18
DA:188,18
DA:190,18
DA:203,18
DA:204,18
DA:206,18
DA:207,13
DA:220,13
DA:223,13
DA:226,5
DA:227,5
DA:232,1
DA:241,5
DA:245,5
DA:246,0
DA:251,5
DA:252,5
DA:254,5
DA:261,5
DA:274,5
DA:277,5
DA:286,10
DA:290,10
DA:291,0
DA:296,10
DA:297,10
DA:298,10
DA:299,10
DA:301,10
DA:314,10
DA:327,10
DA:330,10
DA:335,44
LF:85
LH:82
BRDA:34,0,0,25
BRDA:36,1,0,2
BRDA:36,1,1,29
BRDA:44,2,0,3
BRDA:44,2,1,26
BRDA:65,3,0,3
BRDA:65,3,1,28
BRDA:66,4,0,3
BRDA:66,4,1,28
BRDA:69,5,0,3
BRDA:69,5,1,28
BRDA:107,6,0,2
BRDA:107,6,1,7
BRDA:123,7,0,7
BRDA:123,7,1,0
BRDA:124,8,0,7
BRDA:124,8,1,0
BRDA:126,9,0,7
BRDA:126,9,1,0
BRDA:180,10,0,1
BRDA:180,10,1,18
BRDA:203,11,0,18
BRDA:203,11,1,11
BRDA:203,11,2,11
BRDA:203,12,0,0
BRDA:203,12,1,11
BRDA:204,13,0,18
BRDA:204,13,1,0
BRDA:206,14,0,13
BRDA:206,14,1,5
BRDA:216,15,0,13
BRDA:216,15,1,7
BRDA:232,16,0,1
BRDA:232,16,1,0
BRDA:245,17,0,0
BRDA:245,17,1,5
BRDA:270,18,0,5
BRDA:270,18,1,5
BRDA:290,19,0,0
BRDA:290,19,1,10
BRDA:323,20,0,10
BRDA:323,20,1,3
BRF:42
BRH:34
end_of_record
TN:
SF:src/balance/dto/batch-sync.dto.ts
FN:27,(anonymous_2)
FNF:1
FNH:1
FNDA:1,(anonymous_2)
DA:1,1
DA:2,1
DA:4,1
DA:7,1
DA:11,1
DA:14,1
DA:17,1
DA:20,1
DA:23,1
DA:27,1
DA:28,1
LF:11
LH:11
BRF:0
BRH:0
end_of_record
TN:
SF:src/balance/dto/sync-balance.dto.ts
FNF:0
FNH:0
DA:1,1
DA:3,1
DA:6,1
DA:10,1
LF:4
LH:4
BRF:0
BRH:0
end_of_record
TN:
SF:src/balance/entities/balance.entity.ts
FN:40,(anonymous_2)
FNF:1
FNH:1
FNDA:53,(anonymous_2)
DA:1,5
DA:12,5
DA:14,5
DA:17,5
DA:20,5
DA:23,5
DA:26,5
DA:29,5
DA:32,5
DA:35,5
DA:38,5
DA:41,53
LF:12
LH:12
BRF:0
BRH:0
end_of_record
TN:
SF:src/hcm/hcm.module.ts
FN:11,(anonymous_1)
FNF:1
FNH:1
FNDA:1,(anonymous_1)
DA:1,1
DA:2,1
DA:3,1
DA:4,1
DA:11,1
DA:19,1
LF:6
LH:6
BRF:0
BRH:0
end_of_record
TN:
SF:src/hcm/hcm.service.ts
FN:8,(anonymous_2)
FN:14,(anonymous_3)
FN:20,(anonymous_4)
FN:32,(anonymous_5)
FN:41,(anonymous_6)
FN:42,(anonymous_7)
FN:56,(anonymous_8)
FN:62,(anonymous_9)
FN:78,(anonymous_10)
FN:84,(anonymous_11)
FN:100,(anonymous_12)
FN:136,(anonymous_13)
FN:151,(anonymous_14)
FNF:13
FNH:13
FNDA:31,(anonymous_2)
FNDA:4,(anonymous_3)
FNDA:2,(anonymous_4)
FNDA:23,(anonymous_5)
FNDA:49,(anonymous_6)
FNDA:68,(anonymous_7)
FNDA:10,(anonymous_8)
FNDA:10,(anonymous_9)
FNDA:4,(anonymous_10)
FNDA:5,(anonymous_11)
FNDA:37,(anonymous_12)
FNDA:63,(anonymous_13)
FNDA:20,(anonymous_14)
DA:1,6
DA:2,6
DA:3,6
DA:4,6
DA:7,6
DA:9,31
DA:13,6
DA:15,4
DA:19,6
DA:21,2
DA:26,6
DA:27,23
DA:33,23
DA:34,23
DA:36,23
DA:37,23
DA:38,23
DA:42,49
DA:43,68
DA:44,68
DA:49,36
DA:51,32
DA:62,10
DA:63,10
DA:64,10
DA:71,6
DA:73,4
DA:84,4
DA:85,5
DA:86,5
DA:93,4
DA:95,1
DA:101,37
DA:104,4
DA:107,33
DA:108,33
DA:109,18
DA:110,18
DA:111,2
DA:115,16
DA:116,2
DA:118,14
DA:119,10
DA:121,4
DA:124,15
DA:125,6
DA:128,9
DA:129,6
DA:132,3
DA:133,3
DA:137,63
DA:140,63
DA:141,83
DA:142,83
DA:144,37
DA:145,37
DA:147,5
DA:149,32
DA:150,20
DA:151,20
DA:156,12
LF:61
LH:61
BRDA:9,0,0,31
BRDA:9,0,1,0
BRDA:15,1,0,4
BRDA:15,1,1,0
BRDA:21,2,0,2
BRDA:21,2,1,0
BRDA:101,3,0,4
BRDA:101,3,1,33
BRDA:101,4,0,37
BRDA:101,4,1,36
BRDA:101,4,2,33
BRDA:108,5,0,18
BRDA:108,5,1,15
BRDA:110,6,0,2
BRDA:110,6,1,16
BRDA:115,7,0,2
BRDA:115,7,1,14
BRDA:118,8,0,10
BRDA:118,8,1,4
BRDA:124,9,0,6
BRDA:124,9,1,9
BRDA:124,10,0,15
BRDA:124,10,1,12
BRDA:128,11,0,6
BRDA:128,11,1,3
BRDA:128,12,0,9
BRDA:128,12,1,6
BRDA:132,13,0,3
BRDA:132,13,1,0
BRDA:136,14,0,53
BRDA:137,15,0,53
BRDA:137,15,1,10
BRDA:145,16,0,5
BRDA:145,16,1,32
BRDA:145,17,0,37
BRDA:145,17,1,34
BRDA:149,18,0,20
BRDA:149,18,1,12
BRF:38
BRH:34
end_of_record
TN:
SF:src/sync/sync.module.ts
FNF:0
FNH:0
DA:1,1
DA:2,1
DA:3,1
DA:4,1
DA:11,1
LF:5
LH:5
BRF:0
BRH:0
end_of_record
TN:
SF:src/sync/sync.service.ts
FN:8,(anonymous_4)
FN:13,(anonymous_5)
FNF:2
FNH:2
FNDA:7,(anonymous_4)
FNDA:6,(anonymous_5)
DA:1,2
DA:2,2
DA:3,2
DA:4,2
DA:7,2
DA:10,7
DA:14,6
DA:16,6
DA:17,3
DA:20,6
DA:21,3
DA:24,6
LF:12
LH:12
BRDA:16,0,0,3
BRDA:16,0,1,3
BRDA:20,1,0,3
BRDA:20,1,1,3
BRF:4
BRH:4
end_of_record
TN:
SF:src/sync/entities/sync-log.entity.ts
FN:8,(anonymous_2)
FNF:1
FNH:1
FNDA:6,(anonymous_2)
DA:1,6
DA:8,6
DA:9,6
DA:10,6
DA:11,6
DA:12,6
DA:13,6
DA:17,6
DA:19,6
DA:22,6
DA:25,6
DA:28,6
DA:31,6
DA:34,6
DA:37,6
DA:40,6
DA:43,6
DA:46,6
LF:18
LH:18
BRDA:8,0,0,6
BRDA:8,0,1,6
BRF:2
BRH:2
end_of_record
TN:
SF:src/time-off-request/time-off-request.controller.ts
FN:22,(anonymous_4)
FN:28,(anonymous_5)
FN:38,(anonymous_6)
FN:38,(anonymous_7)
FN:51,(anonymous_8)
FN:64,(anonymous_9)
FN:70,(anonymous_10)
FN:79,(anonymous_11)
FN:88,(anonymous_12)
FNF:9
FNH:7
FNDA:1,(anonymous_4)
FNDA:8,(anonymous_5)
FNDA:8,(anonymous_6)
FNDA:1,(anonymous_7)
FNDA:0,(anonymous_8)
FNDA:0,(anonymous_9)
FNDA:2,(anonymous_10)
FNDA:1,(anonymous_11)
FNDA:2,(anonymous_12)
DA:1,1
DA:14,1
DA:15,1
DA:16,1
DA:17,1
DA:18,1
DA:21,1
DA:23,1
DA:28,1
DA:32,8
DA:33,0
DA:36,8
DA:38,8
DA:40,8
DA:41,1
DA:47,7
DA:51,1
DA:56,0
DA:64,1
DA:65,0
DA:70,1
DA:74,2
DA:79,1
DA:83,1
DA:88,1
DA:89,2
LF:26
LH:23
BRDA:32,0,0,0
BRDA:32,0,1,8
BRDA:40,1,0,1
BRDA:40,1,1,7
BRF:4
BRH:3
end_of_record
TN:
SF:src/time-off-request/time-off-request.module.ts
FNF:0
FNH:0
DA:1,1
DA:2,1
DA:3,1
DA:4,1
DA:5,1
DA:6,1
DA:7,1
DA:19,1
LF:8
LH:8
BRF:0
BRH:0
end_of_record
TN:
SF:src/time-off-request/time-off-request.service.ts
FN:23,(anonymous_4)
FN:30,(anonymous_5)
FN:76,(anonymous_6)
FN:186,(anonymous_7)
FN:212,(anonymous_8)
FN:248,(anonymous_9)
FN:256,(anonymous_10)
FNF:7
FNH:7
FNDA:19,(anonymous_4)
FNDA:18,(anonymous_5)
FNDA:13,(anonymous_6)
FNDA:3,(anonymous_7)
FNDA:7,(anonymous_8)
FNDA:24,(anonymous_9)
FNDA:10,(anonymous_10)
DA:1,3
DA:9,3
DA:10,3
DA:11,3
DA:16,3
DA:17,3
DA:20,3
DA:21,19
DA:25,19
DA:26,19
DA:27,19
DA:35,18
DA:39,18
DA:40,2
DA:44,16
DA:49,16
DA:50,2
DA:62,14
DA:73,14
DA:77,13
DA:79,13
DA:80,1
DA:86,12
DA:91,12
DA:92,3
DA:106,9
DA:107,9
DA:111,7
DA:113,2
DA:114,2
DA:116,0
DA:119,7
DA:120,0
DA:133,7
DA:141,7
DA:142,7
DA:143,7
DA:146,7
DA:147,7
DA:155,6
DA:162,6
DA:163,6
DA:164,6
DA:167,1
DA:175,1
DA:176,1
DA:177,1
DA:178,1
DA:180,1
DA:183,6
DA:191,3
DA:193,3
DA:197,1
DA:202,2
DA:203,2
DA:204,2
DA:205,2
DA:206,2
DA:209,2
DA:213,7
DA:215,7
DA:219,2
DA:224,5
DA:226,3
DA:234,3
DA:242,5
DA:243,5
DA:245,5
DA:249,24
DA:250,24
DA:251,1
DA:253,23
DA:261,10
DA:263,10
DA:264,1
DA:269,10
DA:270,1
DA:275,10
DA:276,1
DA:279,10
LF:80
LH:78
BRDA:39,0,0,2
BRDA:39,0,1,16
BRDA:49,1,0,2
BRDA:49,1,1,14
BRDA:79,2,0,1
BRDA:79,2,1,12
BRDA:91,3,0,3
BRDA:91,3,1,9
BRDA:113,4,0,2
BRDA:113,4,1,0
BRDA:119,5,0,0
BRDA:119,5,1,7
BRDA:175,6,0,1
BRDA:175,6,1,0
BRDA:193,7,0,1
BRDA:193,7,1,2
BRDA:194,8,0,3
BRDA:194,8,1,1
BRDA:205,9,0,2
BRDA:205,9,1,0
BRDA:215,10,0,2
BRDA:215,10,1,5
BRDA:216,11,0,7
BRDA:216,11,1,5
BRDA:224,12,0,3
BRDA:224,12,1,2
BRDA:250,13,0,1
BRDA:250,13,1,23
BRDA:263,14,0,1
BRDA:263,14,1,9
BRDA:269,15,0,1
BRDA:269,15,1,9
BRDA:275,16,0,1
BRDA:275,16,1,9
BRF:34
BRH:30
end_of_record
TN:
SF:src/time-off-request/dto/approve-request.dto.ts
FNF:0
FNH:0
DA:1,1
DA:3,1
DA:6,1
LF:3
LH:3
BRF:0
BRH:0
end_of_record
TN:
SF:src/time-off-request/dto/create-time-off-request.dto.ts
FNF:0
FNH:0
DA:1,1
DA:3,1
DA:6,1
DA:10,1
DA:13,1
DA:16,1
DA:20,1
LF:7
LH:7
BRF:0
BRH:0
end_of_record
TN:
SF:src/time-off-request/dto/reject-request.dto.ts
FNF:0
FNH:0
DA:1,1
DA:3,1
DA:6,1
DA:10,1
LF:4
LH:4
BRF:0
BRH:0
end_of_record
TN:
SF:src/time-off-request/entities/time-off-request.entity.ts
FN:10,(anonymous_2)
FNF:1
FNH:1
FNDA:3,(anonymous_2)
DA:1,3
DA:10,3
DA:11,3
DA:12,3
DA:13,3
DA:14,3
DA:15,3
DA:16,3
DA:17,3
DA:22,3
DA:24,3
DA:27,3
DA:30,3
DA:33,3
DA:36,3
DA:39,3
DA:46,3
DA:49,3
DA:52,3
DA:55,3
DA:58,3
DA:61,3
DA:64,3
DA:67,3
LF:24
LH:24
BRDA:10,0,0,3
BRDA:10,0,1,3
BRF:2
BRH:2
end_of_record
